Flow report for sin_gen
Sat Nov 09 16:19:05 2019
Quartus Prime Version 17.1.0 Build 590 10/25/2017 SJ Standard Edition


---------------------
; Table of Contents ;
---------------------
  1. Legal Notice
  2. Flow Summary
  3. Flow Settings
  4. Flow Non-Default Global Settings
  5. Flow Elapsed Time
  6. Flow OS Summary
  7. Flow Log
  8. Flow Messages
  9. Flow Suppressed Messages



----------------
; Legal Notice ;
----------------
Copyright (C) 2017  Intel Corporation. All rights reserved.
Your use of Intel Corporation's design tools, logic functions 
and other software and tools, and its AMPP partner logic 
functions, and any output files from any of the foregoing 
(including device programming or simulation files), and any 
associated documentation or information are expressly subject 
to the terms and conditions of the Intel Program License 
Subscription Agreement, the Intel Quartus Prime License Agreement,
the Intel FPGA IP License Agreement, or other applicable license
agreement, including, without limitation, that your use is for
the sole purpose of programming logic devices manufactured by
Intel and sold by Intel or its authorized distributors.  Please
refer to the applicable agreement for further details.



+--------------------------------------------------------------------------------------+
; Flow Summary                                                                         ;
+------------------------------------+-------------------------------------------------+
; Flow Status                        ; Successful - Sat Nov 09 16:19:05 2019           ;
; Quartus Prime Version              ; 17.1.0 Build 590 10/25/2017 SJ Standard Edition ;
; Revision Name                      ; sin_gen                                         ;
; Top-level Entity Name              ; sin_gen                                         ;
; Family                             ; Cyclone 10 LP                                   ;
; Device                             ; 10CL006YU256C8G                                 ;
; Timing Models                      ; Final                                           ;
; Total logic elements               ; 891 / 6,272 ( 14 % )                            ;
;     Total combinational functions  ; 647 / 6,272 ( 10 % )                            ;
;     Dedicated logic registers      ; 650 / 6,272 ( 10 % )                            ;
; Total registers                    ; 650                                             ;
; Total pins                         ; 11 / 177 ( 6 % )                                ;
; Total virtual pins                 ; 0                                               ;
; Total memory bits                  ; 41,984 / 276,480 ( 15 % )                       ;
; Embedded Multiplier 9-bit elements ; 0 / 30 ( 0 % )                                  ;
; Total PLLs                         ; 0 / 2 ( 0 % )                                   ;
+------------------------------------+-------------------------------------------------+


+-----------------------------------------+
; Flow Settings                           ;
+-------------------+---------------------+
; Option            ; Setting             ;
+-------------------+---------------------+
; Start date & time ; 11/09/2019 16:18:03 ;
; Main task         ; Compilation         ;
; Revision Name     ; sin_gen             ;
+-------------------+---------------------+


+---------------------------------------------------------------------------------------------------------------------------------------------------------------------+
; Flow Non-Default Global Settings                                                                                                                                    ;
+--------------------------------------+-----------------------------------------------------------------------------+---------------+-------------+------------------+
; Assignment Name                      ; Value                                                                       ; Default Value ; Entity Name ; Section Id       ;
+--------------------------------------+-----------------------------------------------------------------------------+---------------+-------------+------------------+
; COMPILER_SIGNATURE_ID                ; 128028636567077.157328748210416                                             ; --            ; --          ; --               ;
; EDA_DESIGN_INSTANCE_NAME             ; u                                                                           ; --            ; --          ; sin_gen_tb       ;
; EDA_GENERATE_FUNCTIONAL_NETLIST      ; On                                                                          ; --            ; --          ; eda_simulation   ;
; EDA_NATIVELINK_SIMULATION_TEST_BENCH ; sin_gen_tb                                                                  ; --            ; --          ; eda_simulation   ;
; EDA_OUTPUT_DATA_FORMAT               ; Verilog Hdl                                                                 ; --            ; --          ; eda_simulation   ;
; EDA_SIMULATION_TOOL                  ; ModelSim-Altera (Verilog)                                                   ; <None>        ; --          ; --               ;
; EDA_TEST_BENCH_ENABLE_STATUS         ; TEST_BENCH_MODE                                                             ; --            ; --          ; eda_simulation   ;
; EDA_TEST_BENCH_FILE                  ; sin_gen_tb.v                                                                ; --            ; --          ; sin_gen_tb       ;
; EDA_TEST_BENCH_MODULE_NAME           ; sin_gen_tb                                                                  ; --            ; --          ; sin_gen_tb       ;
; EDA_TEST_BENCH_NAME                  ; sin_gen_tb                                                                  ; --            ; --          ; eda_simulation   ;
; EDA_TIME_SCALE                       ; 1 ps                                                                        ; --            ; --          ; eda_simulation   ;
; ENABLE_SIGNALTAP                     ; On                                                                          ; --            ; --          ; --               ;
; MAX_CORE_JUNCTION_TEMP               ; 85                                                                          ; --            ; --          ; --               ;
; MIN_CORE_JUNCTION_TEMP               ; 0                                                                           ; --            ; --          ; --               ;
; MISC_FILE                            ; ROM78_bb.v                                                                  ; --            ; --          ; --               ;
; NOMINAL_CORE_SUPPLY_VOLTAGE          ; 1.2V                                                                        ; --            ; --          ; --               ;
; PARTITION_COLOR                      ; -- (Not supported for targeted family)                                      ; --            ; --          ; Top              ;
; PARTITION_FITTER_PRESERVATION_LEVEL  ; -- (Not supported for targeted family)                                      ; --            ; --          ; Top              ;
; PARTITION_NETLIST_TYPE               ; -- (Not supported for targeted family)                                      ; --            ; --          ; Top              ;
; POWER_BOARD_THERMAL_MODEL            ; None (CONSERVATIVE)                                                         ; --            ; --          ; --               ;
; POWER_PRESET_COOLING_SOLUTION        ; 23 MM HEAT SINK WITH 200 LFPM AIRFLOW                                       ; --            ; --          ; --               ;
; PROJECT_OUTPUT_DIRECTORY             ; output_files                                                                ; --            ; --          ; --               ;
; SLD_FILE                             ; db/stp4_auto_stripped.stp                                                   ; --            ; --          ; --               ;
; SLD_NODE_CREATOR_ID                  ; 110                                                                         ; --            ; --          ; auto_signaltap_0 ;
; SLD_NODE_ENTITY_NAME                 ; sld_signaltap                                                               ; --            ; --          ; auto_signaltap_0 ;
; SLD_NODE_PARAMETER_ASSIGNMENT        ; SLD_RAM_BLOCK_TYPE=AUTO                                                     ; --            ; --          ; auto_signaltap_0 ;
; SLD_NODE_PARAMETER_ASSIGNMENT        ; SLD_DATA_BITS=10                                                            ; --            ; --          ; auto_signaltap_0 ;
; SLD_NODE_PARAMETER_ASSIGNMENT        ; SLD_TRIGGER_BITS=10                                                         ; --            ; --          ; auto_signaltap_0 ;
; SLD_NODE_PARAMETER_ASSIGNMENT        ; SLD_STORAGE_QUALIFIER_BITS=10                                               ; --            ; --          ; auto_signaltap_0 ;
; SLD_NODE_PARAMETER_ASSIGNMENT        ; SLD_NODE_INFO=805334528                                                     ; --            ; --          ; auto_signaltap_0 ;
; SLD_NODE_PARAMETER_ASSIGNMENT        ; SLD_POWER_UP_TRIGGER=0                                                      ; --            ; --          ; auto_signaltap_0 ;
; SLD_NODE_PARAMETER_ASSIGNMENT        ; SLD_INVERSION_MASK=00000000000000000000000000000000000000000000000000000000 ; --            ; --          ; auto_signaltap_0 ;
; SLD_NODE_PARAMETER_ASSIGNMENT        ; SLD_INVERSION_MASK_LENGTH=56                                                ; --            ; --          ; auto_signaltap_0 ;
; SLD_NODE_PARAMETER_ASSIGNMENT        ; SLD_STORAGE_QUALIFIER_INVERSION_MASK_LENGTH=0                               ; --            ; --          ; auto_signaltap_0 ;
; SLD_NODE_PARAMETER_ASSIGNMENT        ; SLD_SEGMENT_SIZE=4096                                                       ; --            ; --          ; auto_signaltap_0 ;
; SLD_NODE_PARAMETER_ASSIGNMENT        ; SLD_ATTRIBUTE_MEM_MODE=OFF                                                  ; --            ; --          ; auto_signaltap_0 ;
; SLD_NODE_PARAMETER_ASSIGNMENT        ; SLD_STATE_FLOW_USE_GENERATED=0                                              ; --            ; --          ; auto_signaltap_0 ;
; SLD_NODE_PARAMETER_ASSIGNMENT        ; SLD_STATE_BITS=11                                                           ; --            ; --          ; auto_signaltap_0 ;
; SLD_NODE_PARAMETER_ASSIGNMENT        ; SLD_BUFFER_FULL_STOP=1                                                      ; --            ; --          ; auto_signaltap_0 ;
; SLD_NODE_PARAMETER_ASSIGNMENT        ; SLD_CURRENT_RESOURCE_WIDTH=1                                                ; --            ; --          ; auto_signaltap_0 ;
; SLD_NODE_PARAMETER_ASSIGNMENT        ; SLD_INCREMENTAL_ROUTING=1                                                   ; --            ; --          ; auto_signaltap_0 ;
; SLD_NODE_PARAMETER_ASSIGNMENT        ; SLD_TRIGGER_LEVEL=1                                                         ; --            ; --          ; auto_signaltap_0 ;
; SLD_NODE_PARAMETER_ASSIGNMENT        ; SLD_SAMPLE_DEPTH=4096                                                       ; --            ; --          ; auto_signaltap_0 ;
; SLD_NODE_PARAMETER_ASSIGNMENT        ; SLD_TRIGGER_IN_ENABLED=0                                                    ; --            ; --          ; auto_signaltap_0 ;
; SLD_NODE_PARAMETER_ASSIGNMENT        ; SLD_TRIGGER_PIPELINE=0                                                      ; --            ; --          ; auto_signaltap_0 ;
; SLD_NODE_PARAMETER_ASSIGNMENT        ; SLD_RAM_PIPELINE=0                                                          ; --            ; --          ; auto_signaltap_0 ;
; SLD_NODE_PARAMETER_ASSIGNMENT        ; SLD_COUNTER_PIPELINE=0                                                      ; --            ; --          ; auto_signaltap_0 ;
; SLD_NODE_PARAMETER_ASSIGNMENT        ; SLD_ADVANCED_TRIGGER_ENTITY=basic,1,                                        ; --            ; --          ; auto_signaltap_0 ;
; SLD_NODE_PARAMETER_ASSIGNMENT        ; SLD_TRIGGER_LEVEL_PIPELINE=1                                                ; --            ; --          ; auto_signaltap_0 ;
; SLD_NODE_PARAMETER_ASSIGNMENT        ; SLD_ENABLE_ADVANCED_TRIGGER=0                                               ; --            ; --          ; auto_signaltap_0 ;
; USE_SIGNALTAP_FILE                   ; stp4.stp                                                                    ; --            ; --          ; --               ;
+--------------------------------------+-----------------------------------------------------------------------------+---------------+-------------+------------------+


+-------------------------------------------------------------------------------------------------------------------------------+
; Flow Elapsed Time                                                                                                             ;
+---------------------------+--------------+-------------------------+---------------------+------------------------------------+
; Module Name               ; Elapsed Time ; Average Processors Used ; Peak Virtual Memory ; Total CPU Time (on all processors) ;
+---------------------------+--------------+-------------------------+---------------------+------------------------------------+
; Analysis & Synthesis      ; 00:00:40     ; 1.0                     ; 4862 MB             ; 00:01:18                           ;
; Fitter                    ; 00:00:08     ; 1.1                     ; 5455 MB             ; 00:00:10                           ;
; Assembler                 ; 00:00:03     ; 1.0                     ; 4678 MB             ; 00:00:02                           ;
; TimeQuest Timing Analyzer ; 00:00:03     ; 1.2                     ; 4772 MB             ; 00:00:04                           ;
; EDA Netlist Writer        ; 00:00:04     ; 1.0                     ; 4642 MB             ; 00:00:04                           ;
; Total                     ; 00:00:58     ; --                      ; --                  ; 00:01:38                           ;
+---------------------------+--------------+-------------------------+---------------------+------------------------------------+


+-----------------------------------------------------------------------------------------+
; Flow OS Summary                                                                         ;
+---------------------------+------------------+------------+------------+----------------+
; Module Name               ; Machine Hostname ; OS Name    ; OS Version ; Processor type ;
+---------------------------+------------------+------------+------------+----------------+
; Analysis & Synthesis      ; DESKTOP-U8IS6KR  ; Windows 10 ; 10.0       ; x86_64         ;
; Fitter                    ; DESKTOP-U8IS6KR  ; Windows 10 ; 10.0       ; x86_64         ;
; Assembler                 ; DESKTOP-U8IS6KR  ; Windows 10 ; 10.0       ; x86_64         ;
; TimeQuest Timing Analyzer ; DESKTOP-U8IS6KR  ; Windows 10 ; 10.0       ; x86_64         ;
; EDA Netlist Writer        ; DESKTOP-U8IS6KR  ; Windows 10 ; 10.0       ; x86_64         ;
+---------------------------+------------------+------------+------------+----------------+


------------
; Flow Log ;
------------
quartus_map --read_settings_files=on --write_settings_files=off sin_gen -c sin_gen
quartus_fit --read_settings_files=off --write_settings_files=off sin_gen -c sin_gen
quartus_asm --read_settings_files=off --write_settings_files=off sin_gen -c sin_gen
quartus_sta sin_gen -c sin_gen
quartus_eda --read_settings_files=off --write_settings_files=off sin_gen -c sin_gen



